d:\skylar\git-repos\ct5037-boid-engine-joshuariches\model_loader\model_loader\debug\x64\vc142.pdb
d:\skylar\git-repos\ct5037-boid-engine-joshuariches\model_loader\model_loader\debug\x64\vc142.idb
d:\skylar\git-repos\ct5037-boid-engine-joshuariches\model_loader\model_loader\debug\x64\transformcomponent.obj
d:\skylar\git-repos\ct5037-boid-engine-joshuariches\model_loader\model_loader\debug\x64\scene.obj
d:\skylar\git-repos\ct5037-boid-engine-joshuariches\model_loader\model_loader\debug\x64\modelcomponent.obj
d:\skylar\git-repos\ct5037-boid-engine-joshuariches\model_loader\model_loader\debug\x64\main.obj
d:\skylar\git-repos\ct5037-boid-engine-joshuariches\model_loader\model_loader\debug\x64\gizmos.obj
d:\skylar\git-repos\ct5037-boid-engine-joshuariches\model_loader\model_loader\debug\x64\entity.obj
d:\skylar\git-repos\ct5037-boid-engine-joshuariches\model_loader\model_loader\debug\x64\component.obj
d:\skylar\git-repos\ct5037-boid-engine-joshuariches\model_loader\model_loader\debug\x64\braincomponent.obj
d:\skylar\git-repos\ct5037-boid-engine-joshuariches\model_loader\model_loader\debug\x64\imgui_impl_opengl3.obj
d:\skylar\git-repos\ct5037-boid-engine-joshuariches\model_loader\model_loader\debug\x64\imgui_impl_glfw.obj
d:\skylar\git-repos\ct5037-boid-engine-joshuariches\model_loader\model_loader\debug\x64\glad.obj
d:\skylar\git-repos\ct5037-boid-engine-joshuariches\model_loader\model_loader\debug\x64\model_loader.ilk
d:\skylar\git-repos\ct5037-boid-engine-joshuariches\model_loader\model_loader\debug\x64\model_loader.exe
d:\skylar\git-repos\ct5037-boid-engine-joshuariches\model_loader\model_loader\debug\x64\model_loader.pdb
d:\skylar\git-repos\ct5037-boid-engine-joshuariches\model_loader\model_loader\\debug\x64\model_loader.pdb
d:\skylar\git-repos\ct5037-boid-engine-joshuariches\model_loader\model_loader\\debug\x64\model_loader.ilk
d:\skylar\git-repos\ct5037-boid-engine-joshuariches\model_loader\model_loader\debug\x64\model_loader.tlog\cl.command.1.tlog
d:\skylar\git-repos\ct5037-boid-engine-joshuariches\model_loader\model_loader\debug\x64\model_loader.tlog\cl.read.1.tlog
d:\skylar\git-repos\ct5037-boid-engine-joshuariches\model_loader\model_loader\debug\x64\model_loader.tlog\cl.write.1.tlog
d:\skylar\git-repos\ct5037-boid-engine-joshuariches\model_loader\model_loader\debug\x64\model_loader.tlog\link.command.1.tlog
d:\skylar\git-repos\ct5037-boid-engine-joshuariches\model_loader\model_loader\debug\x64\model_loader.tlog\link.read.1.tlog
d:\skylar\git-repos\ct5037-boid-engine-joshuariches\model_loader\model_loader\debug\x64\model_loader.tlog\link.write.1.tlog
